[2025-11-26 14:51:59] DELETE by admin | Organism: Anoura_caudifer | Assembly: test_ass | Deleted groups: [No Data]
[2025-11-26 14:53:07] DELETE by admin | Organism: Anoura_caudifer | Assembly: test_ass | Deleted groups: []
[2025-11-26 14:53:09] DELETE by admin | Organism: Anoura_caudifer | Assembly: test_ass | Deleted groups: []
[2025-11-26 14:54:19] DELETE by admin | Organism: Anoura_caudifer | Assembly: test_ass | Deleted groups: []
[2025-11-26 14:54:20] DELETE by admin | Organism: Anoura_caudifer | Assembly: test_ass | Deleted groups: []
[2025-11-26 14:54:20] DELETE by admin | Organism: Anoura_caudifer | Assembly: test_ass | Deleted groups: []
[2025-11-26 14:54:21] DELETE by admin | Organism: Anoura_caudifer | Assembly: test_ass | Deleted groups: []
[2025-11-26 14:55:22] DELETE by admin | Organism: Anoura_caudifer | Assembly: test_ass | Deleted groups: []
[2025-11-26 14:55:23] DELETE by admin | Organism: Anoura_caudifer | Assembly: test_ass | Deleted groups: []
[2025-11-26 14:55:25] DELETE by admin | Organism: Anoura_caudifer | Assembly: test_ass | Deleted groups: []
[2025-11-26 14:56:30] DELETE by admin | Organism: Anoura_caudifer | Assembly: test_ass | Deleted groups: []
[2025-11-26 14:56:40] ADD by admin | Organism: Anoura_caudifer | Assembly: test_ass2 | Groups: [No Data]
[2025-11-26 14:57:39] DELETE by admin | Organism: Anoura_caudifer | Assembly: test_ass2 | Deleted groups: [No Data]
[2025-11-26 14:57:47] ADD by admin | Organism: Anoura_caudifer | Assembly: test_ass3 | Groups: [No Data]
[2025-11-26 14:58:24] UPDATE by admin | Group: No Data
[2025-12-01 19:53:36] ADD by admin | Organism: Pteropus_vampyrus | Assembly: Pvam_2.0 | Groups: [Bats, New]
[2025-12-02 16:31:32] DELETE by admin | Organism: Lasiurus_cinereus | Assembly: assembly_v1 | Deleted groups: [Bats, No Data]
[2025-12-02 16:31:42] DELETE by admin | Organism: Anoura_caudifer | Assembly: test_ass3 | Deleted groups: [No Data]
[2025-12-05 15:40:21] ADD by admin | Organism: Anoura_caudifer | Assembly: test | Groups: [New]
[2025-12-05 15:40:44] DELETE by admin | Organism: Anoura_caudifer | Assembly: test | Old groups: [New]
[2025-12-05 15:41:53] ADD by admin | Organism: Anoura_caudifer | Assembly: test | Groups: [New]
[2025-12-05 15:42:40] DELETE by admin | Organism: Anoura_caudifer | Assembly: test | Old groups: [New]
[2025-12-05 16:05:50] ADD by admin | Organism: Anoura_caudifer | Assembly: test | Groups: [New]
[2025-12-05 21:56:18] DELETE by admin | Organism: Anoura_caudifer | Assembly: test | Old groups: [New]
[2025-12-08 20:52:53] UPDATE by admin | Group: Bats
[2025-12-08 20:53:03] UPDATE by admin | Group: Bats
[2025-12-10 02:28:12] UPDATE by admin | Group: Corals
[2026-01-20 19:37:58] UPDATE by admin | Organism: Anoura_caudifer | Assembly: GCA_004027475.1 | Old groups: [Bats, Cute, Public] | New groups: [Bats, Cute, Public, New]
[2026-01-20 19:40:29] UPDATE by admin | Organism: Anoura_caudifer | Assembly: GCA_004027475.1 | Old groups: [Bats, Cute, Public, New] | New groups: [Bats, Cute, Public]
[2026-01-21 22:58:06] ADD by admin | Organism: Chamaeleo_calyptratus | Assembly: CCA3 | Groups: [New, Reptile]
[2026-01-21 23:21:45] UPDATE by admin | Group: Reptile
[2026-01-22 17:40:52] UPDATE by admin | Group: Reptile
[2026-01-22 17:42:42] UPDATE by admin | Group: Reptile
[2026-01-22 17:47:35] UPDATE by admin | Group: New
[2026-01-22 17:51:06] UPDATE by admin | Group: Reptiles
[2026-01-22 17:51:43] UPDATE by admin | Group: Reptiles
[2026-01-22 17:52:25] UPDATE by admin | Group: Reptiles
[2026-01-22 18:08:32] UPDATE by admin | Group: Reptiles
[2026-01-28 18:56:16] ADD by admin | Organism: Bradypodion_pumilum | Assembly: BraPum1 | Groups: [Reptiles, New]
[2026-01-28 20:00:44] UPDATE by admin | Organism: Bradypodion_pumilum | Assembly: BraPum1 | Old groups: [New] | New groups: [New, Reptiles]
[2026-02-10 20:12:52] UPDATE by admin | Organism: Nematostella_vectensis | Assembly: GCA_033964005.1 | Old groups: [New] | New groups: [PUBLIC]
[2026-02-10 20:13:10] UPDATE by admin | Organism: Nematostella_vectensis | Assembly: GCA_033964005.1 | Old groups: [PUBLIC] | New groups: [PUBLIC, Cute]
[2026-03-10 18:20:48] UPDATE by admin | Group: PUBLIC
[2026-03-27 15:44:17] UPDATE by admin | Organism: Anoura_caudifer | Assembly: GCA_004027475.1 | Old groups: [Bats, Cute, PUBLIC] | New groups: [Bats, Cute, PUBLIC, New]
